<?xml version="1.0" encoding="UTF-8"?>
<testng-results ignored="0" total="1" passed="1" failed="0" skipped="0">
  <reporter-output>
  </reporter-output>
  <suite started-at="2020-05-19T19:31:10 IST" name="Default suite" finished-at="2020-05-19T19:31:13 IST" duration-ms="3477">
    <groups>
    </groups>
    <test started-at="2020-05-19T19:31:10 IST" name="Default test" finished-at="2020-05-19T19:31:13 IST" duration-ms="3477">
      <class name="TC001">
        <test-method signature="CheckStatusCode()[pri:0, instance:TC001@3c153a1]" started-at="2020-05-19T19:31:10 IST" name="CheckStatusCode" finished-at="2020-05-19T19:31:13 IST" duration-ms="3406" status="PASS">
          <reporter-output>
          </reporter-output>
        </test-method> <!-- CheckStatusCode -->
      </class> <!-- TC001 -->
    </test> <!-- Default test -->
  </suite> <!-- Default suite -->
</testng-results>
